<?xml version="1.0" encoding="UTF-8"?>
<testng-results ignored="0" total="4" passed="4" failed="0" skipped="0">
  <reporter-output>
  </reporter-output>
  <suite started-at="2026-04-07T16:57:13 IST" name="Default suite" finished-at="2026-04-07T16:57:41 IST" duration-ms="28589">
    <groups>
    </groups>
    <test started-at="2026-04-07T16:57:13 IST" name="Default test" finished-at="2026-04-07T16:57:41 IST" duration-ms="28589">
      <class name="com.kodnest.TestNGConcept.sirQuestion.TestCasesSirs">
        <test-method is-config="true" signature="url()[pri:0, instance:com.kodnest.TestNGConcept.sirQuestion.TestCasesSirs@7eac9008]" started-at="2026-04-07T16:57:13 IST" name="url" finished-at="2026-04-07T16:57:18 IST" duration-ms="5713" status="PASS">
          <reporter-output>
          </reporter-output>
        </test-method> <!-- url -->
        <test-method signature="urlTest()[pri:1, instance:com.kodnest.TestNGConcept.sirQuestion.TestCasesSirs@7eac9008]" started-at="2026-04-07T16:57:18 IST" name="urlTest" finished-at="2026-04-07T16:57:20 IST" duration-ms="1491" status="PASS">
          <reporter-output>
          </reporter-output>
        </test-method> <!-- urlTest -->
        <test-method signature="register()[pri:2, instance:com.kodnest.TestNGConcept.sirQuestion.TestCasesSirs@7eac9008]" started-at="2026-04-07T16:57:20 IST" name="register" finished-at="2026-04-07T16:57:33 IST" depends-on-methods="com.kodnest.TestNGConcept.sirQuestion.TestCasesSirs.urlTest" duration-ms="12916" status="PASS">
          <reporter-output>
          </reporter-output>
        </test-method> <!-- register -->
        <test-method signature="loginWithCorrect()[pri:3, instance:com.kodnest.TestNGConcept.sirQuestion.TestCasesSirs@7eac9008]" started-at="2026-04-07T16:57:33 IST" name="loginWithCorrect" finished-at="2026-04-07T16:57:39 IST" depends-on-methods="com.kodnest.TestNGConcept.sirQuestion.TestCasesSirs.register" duration-ms="5864" status="PASS">
          <reporter-output>
          </reporter-output>
        </test-method> <!-- loginWithCorrect -->
        <test-method signature="loginWithIncorrect()[pri:4, instance:com.kodnest.TestNGConcept.sirQuestion.TestCasesSirs@7eac9008]" started-at="2026-04-07T16:57:39 IST" name="loginWithIncorrect" finished-at="2026-04-07T16:57:41 IST" depends-on-methods="com.kodnest.TestNGConcept.sirQuestion.TestCasesSirs.register" duration-ms="2514" status="PASS">
          <reporter-output>
          </reporter-output>
        </test-method> <!-- loginWithIncorrect -->
      </class> <!-- com.kodnest.TestNGConcept.sirQuestion.TestCasesSirs -->
    </test> <!-- Default test -->
  </suite> <!-- Default suite -->
</testng-results>
