<?xml version="1.0" encoding="UTF-8"?>
<!-- Generated by org.testng.reporters.JUnitXMLReporter -->
<testsuite ignored="0" hostname="jaswanthPC" failures="0" tests="4" name="Default test" time="15.165" errors="0" timestamp="2026-03-27T07:25:32 IST">
  <testcase classname="com.kodnest.TestNGConcept.TestNg1st" name="openUrl" time="3.882"/>
  <testcase classname="com.kodnest.TestNGConcept.TestNg1st" name="verifyLogo" time="0.576"/>
  <testcase classname="com.kodnest.TestNGConcept.TestNg1st" name="login" time="0.15"/>
  <testcase classname="com.kodnest.TestNGConcept.TestNg1st" name="logout" time="7.269"/>
</testsuite> <!-- Default test -->
