<?xml version="1.0" encoding="UTF-8"?>
<!-- Generated by org.testng.reporters.JUnitReportReporter -->
<testsuite hostname="jaswanthPC" failures="0" tests="2" name="com.kodnest.RestAssuredSoapTesting.Test1" time="2.002" errors="0" timestamp="2026-04-22T23:23:49 IST" skipped="0">
  <testcase classname="com.kodnest.RestAssuredSoapTesting.Test1" name="test_1" time="1.434"/>
  <testcase classname="com.kodnest.RestAssuredSoapTesting.Test1" name="test_2" time="0.568"/>
</testsuite> <!-- com.kodnest.RestAssuredSoapTesting.Test1 -->
