<?xml version="1.0" encoding="UTF-8"?>
<!-- Generated by org.testng.reporters.JUnitReportReporter -->
<testsuite hostname="jaswanthPC" failures="0" tests="2" name="com.kodnest.RestAssuredSoapTesting.GetTesting" time="2.118" errors="0" timestamp="2026-04-22T23:37:37 IST" skipped="0">
  <testcase classname="com.kodnest.RestAssuredSoapTesting.GetTesting" name="postTest" time="0.002"/>
  <testcase classname="com.kodnest.RestAssuredSoapTesting.GetTesting" name="getTest" time="2.116"/>
</testsuite> <!-- com.kodnest.RestAssuredSoapTesting.GetTesting -->
