<?xml version="1.0" encoding="UTF-8"?>
<!-- Generated by org.testng.reporters.JUnitReportReporter -->
<testsuite hostname="jaswanthPC" failures="0" tests="4" name="com.kodnest.ApachePOI.sirQuestionOnPOI.SauceDemoAssignment" time="1.701" errors="0" timestamp="2026-04-13T16:14:17 IST" skipped="0">
  <testcase classname="com.kodnest.ApachePOI.sirQuestionOnPOI.SauceDemoAssignment" name="login" time="0.577"/>
  <testcase classname="com.kodnest.ApachePOI.sirQuestionOnPOI.SauceDemoAssignment" name="addproduct" time="0.190"/>
  <testcase classname="com.kodnest.ApachePOI.sirQuestionOnPOI.SauceDemoAssignment" name="checkOut" time="0.392"/>
  <testcase classname="com.kodnest.ApachePOI.sirQuestionOnPOI.SauceDemoAssignment" name="loginInvalid" time="0.542"/>
</testsuite> <!-- com.kodnest.ApachePOI.sirQuestionOnPOI.SauceDemoAssignment -->
