<?xml version="1.0" encoding="UTF-8"?>
<!-- Generated by org.testng.reporters.JUnitXMLReporter -->
<testsuite ignored="0" hostname="jaswanthPC" failures="0" tests="4" name="Default test" time="6.314" errors="0" timestamp="2026-04-13T16:14:17 IST">
  <testcase classname="com.kodnest.ApachePOI.sirQuestionOnPOI.SauceDemoAssignment" name="login" time="0.577"/>
  <testcase classname="com.kodnest.ApachePOI.sirQuestionOnPOI.SauceDemoAssignment" name="addproduct" time="0.19"/>
  <testcase classname="com.kodnest.ApachePOI.sirQuestionOnPOI.SauceDemoAssignment" name="checkOut" time="0.392"/>
  <testcase classname="com.kodnest.ApachePOI.sirQuestionOnPOI.SauceDemoAssignment" name="loginInvalid" time="0.542"/>
</testsuite> <!-- Default test -->
