<?xml version="1.0" encoding="UTF-8"?>
<!-- Generated by org.testng.reporters.JUnitReportReporter -->
<testsuite hostname="jaswanthPC" failures="0" tests="4" name="com.kodnest.TestNGConcept.TestNg1st" time="11.877" errors="0" timestamp="2026-03-27T07:25:32 IST" skipped="0">
  <testcase classname="com.kodnest.TestNGConcept.TestNg1st" name="openUrl" time="3.882"/>
  <testcase classname="com.kodnest.TestNGConcept.TestNg1st" name="verifyLogo" time="0.576"/>
  <testcase classname="com.kodnest.TestNGConcept.TestNg1st" name="login" time="0.150"/>
  <testcase classname="com.kodnest.TestNGConcept.TestNg1st" name="logout" time="7.269"/>
</testsuite> <!-- com.kodnest.TestNGConcept.TestNg1st -->
