<?xml version="1.0" encoding="UTF-8"?>
<!-- Generated by org.testng.reporters.JUnitReportReporter -->
<testsuite hostname="jaswanthPC" failures="0" tests="3" name="com.kodnest.TestNGConcept.AppTest" time="0.024" errors="0" timestamp="2026-03-26T15:03:28 IST" skipped="0">
  <testcase classname="com.kodnest.TestNGConcept.AppTest" name="openApp" time="0.019"/>
  <testcase classname="com.kodnest.TestNGConcept.AppTest" name="login" time="0.003"/>
  <testcase classname="com.kodnest.TestNGConcept.AppTest" name="logout" time="0.002"/>
</testsuite> <!-- com.kodnest.TestNGConcept.AppTest -->
