<?xml version="1.0" encoding="UTF-8"?>
<!-- Generated by org.testng.reporters.JUnitReportReporter -->
<testsuite hostname="jaswanthPC" failures="0" tests="4" name="com.kodnest.TestNGConcept.TestNg1st" time="22.530" errors="0" timestamp="2026-03-27T15:22:17 IST" skipped="0">
  <testcase classname="com.kodnest.TestNGConcept.TestNg1st" name="openUrl" time="6.962"/>
  <testcase classname="com.kodnest.TestNGConcept.TestNg1st" name="verifyLogo" time="1.216"/>
  <testcase classname="com.kodnest.TestNGConcept.TestNg1st" name="login" time="0.421"/>
  <testcase classname="com.kodnest.TestNGConcept.TestNg1st" name="logout" time="13.931"/>
</testsuite> <!-- com.kodnest.TestNGConcept.TestNg1st -->
