<?xml version="1.0" encoding="UTF-8"?>
<!-- Generated by org.testng.reporters.JUnitReportReporter -->
<testsuite hostname="jaswanthPC" failures="0" tests="5" name="com.kodnest.TestNGConcept.sirQuestion.EndToEndTest" time="41.499" errors="0" timestamp="2026-04-07T15:44:14 IST" skipped="0">
  <testcase classname="com.kodnest.TestNGConcept.sirQuestion.EndToEndTest" name="register" time="18.618"/>
  <testcase classname="com.kodnest.TestNGConcept.sirQuestion.EndToEndTest" name="login" time="5.065"/>
  <testcase classname="com.kodnest.TestNGConcept.sirQuestion.EndToEndTest" name="addToCart" time="8.726"/>
  <testcase classname="com.kodnest.TestNGConcept.sirQuestion.EndToEndTest" name="checkout" time="3.979"/>
  <testcase classname="com.kodnest.TestNGConcept.sirQuestion.EndToEndTest" name="payment" time="5.111"/>
</testsuite> <!-- com.kodnest.TestNGConcept.sirQuestion.EndToEndTest -->
