<?xml version="1.0" encoding="UTF-8"?>
<!-- Generated by org.testng.reporters.JUnitReportReporter -->
<testsuite hostname="jaswanthPC" failures="0" tests="2" name="com.kodnest.TestNGConcept.Assertion.SirsQuestion" time="3.839" errors="0" timestamp="2026-04-02T15:41:36 IST" skipped="0">
  <testcase classname="com.kodnest.TestNGConcept.Assertion.SirsQuestion" name="validate" time="2.706"/>
  <testcase classname="com.kodnest.TestNGConcept.Assertion.SirsQuestion" name="screenshot" time="1.133"/>
</testsuite> <!-- com.kodnest.TestNGConcept.Assertion.SirsQuestion -->
