<?xml version="1.0" encoding="UTF-8"?>
<!-- Generated by org.testng.reporters.JUnitReportReporter -->
<testsuite hostname="jaswanthPC" failures="0" tests="5" name="com.kodnest.TestNGConcept.dependencyMethods.DependencyMethods" time="0.042" errors="0" timestamp="2026-04-06T14:37:49 IST" skipped="0">
  <testcase classname="com.kodnest.TestNGConcept.dependencyMethods.DependencyMethods" name="openApp" time="0.034"/>
  <testcase classname="com.kodnest.TestNGConcept.dependencyMethods.DependencyMethods" name="login" time="0.002"/>
  <testcase classname="com.kodnest.TestNGConcept.dependencyMethods.DependencyMethods" name="search" time="0.002"/>
  <testcase classname="com.kodnest.TestNGConcept.dependencyMethods.DependencyMethods" name="advSearch" time="0.002"/>
  <testcase classname="com.kodnest.TestNGConcept.dependencyMethods.DependencyMethods" name="logout" time="0.002"/>
</testsuite> <!-- com.kodnest.TestNGConcept.dependencyMethods.DependencyMethods -->
