<?xml version="1.0" encoding="UTF-8"?>
<!-- Generated by org.testng.reporters.JUnitReportReporter -->
<testsuite hostname="jaswanthPC" failures="0" tests="6" name="com.kodnest.TestNGConcept.parameterization.ParallelExecutionConcept" time="0.110" errors="0" timestamp="2026-05-01T00:53:45 IST" skipped="0">
  <testcase classname="com.kodnest.TestNGConcept.parameterization.ParallelExecutionConcept" name="imgTest" time="0.030"/>
  <testcase classname="com.kodnest.TestNGConcept.parameterization.ParallelExecutionConcept" name="imgTest" time="0.050"/>
  <testcase classname="com.kodnest.TestNGConcept.parameterization.ParallelExecutionConcept" name="titleTest" time="0.009"/>
  <testcase classname="com.kodnest.TestNGConcept.parameterization.ParallelExecutionConcept" name="titleTest" time="0.008"/>
  <testcase classname="com.kodnest.TestNGConcept.parameterization.ParallelExecutionConcept" name="urlTest" time="0.006"/>
  <testcase classname="com.kodnest.TestNGConcept.parameterization.ParallelExecutionConcept" name="urlTest" time="0.007"/>
</testsuite> <!-- com.kodnest.TestNGConcept.parameterization.ParallelExecutionConcept -->
