<?xml version="1.0" encoding="UTF-8"?>
<!-- Generated by org.testng.reporters.JUnitReportReporter -->
<testsuite hostname="jaswanthPC" failures="0" tests="6" name="com.kodnest.TestNGConcept.parameterization.ParallelExecutionConcept" time="0.098" errors="0" timestamp="2026-04-22T14:43:03 IST" skipped="0">
  <testcase classname="com.kodnest.TestNGConcept.parameterization.ParallelExecutionConcept" name="imgTest" time="0.025"/>
  <testcase classname="com.kodnest.TestNGConcept.parameterization.ParallelExecutionConcept" name="imgTest" time="0.046"/>
  <testcase classname="com.kodnest.TestNGConcept.parameterization.ParallelExecutionConcept" name="titleTest" time="0.005"/>
  <testcase classname="com.kodnest.TestNGConcept.parameterization.ParallelExecutionConcept" name="titleTest" time="0.008"/>
  <testcase classname="com.kodnest.TestNGConcept.parameterization.ParallelExecutionConcept" name="urlTest" time="0.007"/>
  <testcase classname="com.kodnest.TestNGConcept.parameterization.ParallelExecutionConcept" name="urlTest" time="0.007"/>
</testsuite> <!-- com.kodnest.TestNGConcept.parameterization.ParallelExecutionConcept -->
