<?xml version="1.0" encoding="UTF-8"?>
<!-- Generated by org.testng.reporters.JUnitReportReporter -->
<testsuite hostname="jaswanthPC" failures="0" tests="4" name="com.kodnest.TestNGConcept.sirQuestion.TestCasesSirs" time="22.785" errors="0" timestamp="2026-04-07T16:57:41 IST" skipped="0">
  <testcase classname="com.kodnest.TestNGConcept.sirQuestion.TestCasesSirs" name="urlTest" time="1.491"/>
  <testcase classname="com.kodnest.TestNGConcept.sirQuestion.TestCasesSirs" name="register" time="12.916"/>
  <testcase classname="com.kodnest.TestNGConcept.sirQuestion.TestCasesSirs" name="loginWithCorrect" time="5.864"/>
  <testcase classname="com.kodnest.TestNGConcept.sirQuestion.TestCasesSirs" name="loginWithIncorrect" time="2.514"/>
</testsuite> <!-- com.kodnest.TestNGConcept.sirQuestion.TestCasesSirs -->
