<?xml version="1.0" encoding="UTF-8"?>
<!-- Generated by org.testng.reporters.JUnitReportReporter -->
<testsuite hostname="jaswanthPC" failures="0" tests="3" name="com.kodnest.TestNGConcept.grouping.LoginTests" time="0.011" errors="0" timestamp="2026-04-06T15:50:22 IST" skipped="0">
  <testcase classname="com.kodnest.TestNGConcept.grouping.LoginTests" name="loginByEmail" time="0.008"/>
  <testcase classname="com.kodnest.TestNGConcept.grouping.LoginTests" name="loginByFacebook" time="0.001"/>
  <testcase classname="com.kodnest.TestNGConcept.grouping.LoginTests" name="loginByUsername" time="0.002"/>
</testsuite> <!-- com.kodnest.TestNGConcept.grouping.LoginTests -->
