<?xml version="1.0" encoding="UTF-8"?>
<testng-results ignored="0" total="4" passed="4" failed="0" skipped="0">
  <reporter-output>
  </reporter-output>
  <suite started-at="2026-04-13T16:14:10 IST" name="Default suite" finished-at="2026-04-13T16:14:17 IST" duration-ms="6314">
    <groups>
    </groups>
    <test started-at="2026-04-13T16:14:10 IST" name="Default test" finished-at="2026-04-13T16:14:17 IST" duration-ms="6314">
      <class name="com.kodnest.ApachePOI.sirQuestionOnPOI.SauceDemoAssignment">
        <test-method is-config="true" signature="url()[pri:0, instance:com.kodnest.ApachePOI.sirQuestionOnPOI.SauceDemoAssignment@fbd1f6]" started-at="2026-04-13T16:14:10 IST" name="url" finished-at="2026-04-13T16:14:15 IST" duration-ms="4259" status="PASS">
          <reporter-output>
          </reporter-output>
        </test-method> <!-- url -->
        <test-method signature="login()[pri:1, instance:com.kodnest.ApachePOI.sirQuestionOnPOI.SauceDemoAssignment@fbd1f6]" started-at="2026-04-13T16:14:15 IST" name="login" finished-at="2026-04-13T16:14:15 IST" duration-ms="577" status="PASS">
          <reporter-output>
          </reporter-output>
        </test-method> <!-- login -->
        <test-method signature="addproduct()[pri:2, instance:com.kodnest.ApachePOI.sirQuestionOnPOI.SauceDemoAssignment@fbd1f6]" started-at="2026-04-13T16:14:15 IST" name="addproduct" finished-at="2026-04-13T16:14:15 IST" depends-on-methods="com.kodnest.ApachePOI.sirQuestionOnPOI.SauceDemoAssignment.login" duration-ms="190" status="PASS">
          <reporter-output>
          </reporter-output>
        </test-method> <!-- addproduct -->
        <test-method signature="checkOut()[pri:3, instance:com.kodnest.ApachePOI.sirQuestionOnPOI.SauceDemoAssignment@fbd1f6]" started-at="2026-04-13T16:14:15 IST" name="checkOut" finished-at="2026-04-13T16:14:16 IST" depends-on-methods="com.kodnest.ApachePOI.sirQuestionOnPOI.SauceDemoAssignment.addproduct" duration-ms="392" status="PASS">
          <reporter-output>
          </reporter-output>
        </test-method> <!-- checkOut -->
        <test-method signature="loginInvalid()[pri:4, instance:com.kodnest.ApachePOI.sirQuestionOnPOI.SauceDemoAssignment@fbd1f6]" started-at="2026-04-13T16:14:16 IST" name="loginInvalid" finished-at="2026-04-13T16:14:16 IST" duration-ms="542" status="PASS">
          <reporter-output>
          </reporter-output>
        </test-method> <!-- loginInvalid -->
        <test-method is-config="true" signature="quit()[pri:0, instance:com.kodnest.ApachePOI.sirQuestionOnPOI.SauceDemoAssignment@fbd1f6]" started-at="2026-04-13T16:14:16 IST" name="quit" finished-at="2026-04-13T16:14:17 IST" duration-ms="265" status="PASS">
          <reporter-output>
          </reporter-output>
        </test-method> <!-- quit -->
      </class> <!-- com.kodnest.ApachePOI.sirQuestionOnPOI.SauceDemoAssignment -->
    </test> <!-- Default test -->
  </suite> <!-- Default suite -->
</testng-results>
