<?xml version="1.0" encoding="UTF-8"?>
<!-- Generated by org.testng.reporters.JUnitXMLReporter -->
<testsuite ignored="6" hostname="jaswanthPC" failures="0" tests="3" name="Test" time="0.053" errors="0" timestamp="2026-04-06T15:50:22 IST">
  <testcase classname="com.kodnest.TestNGConcept.grouping.LoginTests" name="loginByEmail" time="0.008"/>
  <testcase classname="com.kodnest.TestNGConcept.grouping.LoginTests" name="loginByFacebook" time="0.001"/>
  <testcase classname="com.kodnest.TestNGConcept.grouping.LoginTests" name="loginByUsername" time="0.002"/>
  <testcase classname="com.kodnest.TestNGConcept.grouping.PaymentTests" name="paymentByCash" time="0.0">
    <ignored/>
  </testcase> <!-- paymentByCash -->
  <testcase classname="com.kodnest.TestNGConcept.grouping.PaymentTests" name="paymentByCredit" time="0.0">
    <ignored/>
  </testcase> <!-- paymentByCredit -->
  <testcase classname="com.kodnest.TestNGConcept.grouping.SignUpTests" name="signupByFacebook" time="0.0">
    <ignored/>
  </testcase> <!-- signupByFacebook -->
  <testcase classname="com.kodnest.TestNGConcept.grouping.PaymentTests" name="paymentByDebit" time="0.0">
    <ignored/>
  </testcase> <!-- paymentByDebit -->
  <testcase classname="com.kodnest.TestNGConcept.grouping.SignUpTests" name="signupByUsername" time="0.0">
    <ignored/>
  </testcase> <!-- signupByUsername -->
  <testcase classname="com.kodnest.TestNGConcept.grouping.SignUpTests" name="signupByEmail" time="0.0">
    <ignored/>
  </testcase> <!-- signupByEmail -->
</testsuite> <!-- Test -->
