<?xml version="1.0" encoding="UTF-8"?>
<!-- Generated by org.testng.reporters.JUnitXMLReporter -->
<testsuite ignored="0" hostname="jaswanthPC" failures="0" tests="3" name="Test2" time="3.479" errors="0" timestamp="2026-05-01T00:53:45 IST">
  <testcase classname="com.kodnest.TestNGConcept.parameterization.ParallelExecutionConcept" name="imgTest" time="0.03"/>
  <testcase classname="com.kodnest.TestNGConcept.parameterization.ParallelExecutionConcept" name="titleTest" time="0.009"/>
  <testcase classname="com.kodnest.TestNGConcept.parameterization.ParallelExecutionConcept" name="urlTest" time="0.006"/>
</testsuite> <!-- Test2 -->
