<?xml version="1.0" encoding="UTF-8"?>
<!-- Generated by org.testng.reporters.JUnitXMLReporter -->
<testsuite ignored="0" hostname="jaswanthPC" failures="1" tests="3" name="Test" time="2.17" errors="0" timestamp="2026-04-28T14:20:53 IST">
  <testcase classname="com.kodnest.TestNGConcept.Listeners.TestListener" name="imgTest" time="0.041"/>
  <testcase classname="com.kodnest.TestNGConcept.Listeners.TestListener" name="urlTest" time="0.003">
    <failure type="java.lang.AssertionError" message="null">
      <![CDATA[java.lang.AssertionError: null
at com.kodnest.TestNGConcept.Listeners.TestListener.urlTest(TestListener.java:52)
at java.base/java.util.ArrayList.forEach(ArrayList.java:1597)
... Removed 27 stack frames]]>
    </failure>
  </testcase> <!-- urlTest -->
  <testcase classname="com.kodnest.TestNGConcept.Listeners.TestListener" name="titleTest" time="0.0">
    <skipped/>
  </testcase> <!-- titleTest -->
</testsuite> <!-- Test -->
