<?xml version="1.0" encoding="UTF-8"?>
<!-- Generated by org.testng.reporters.JUnitXMLReporter -->
<testsuite ignored="0" hostname="jaswanthPC" failures="0" tests="3" name="Test1" time="2.475" errors="0" timestamp="2026-04-22T14:43:02 IST">
  <testcase classname="com.kodnest.TestNGConcept.parameterization.ParallelExecutionConcept" name="imgTest" time="0.046"/>
  <testcase classname="com.kodnest.TestNGConcept.parameterization.ParallelExecutionConcept" name="titleTest" time="0.008"/>
  <testcase classname="com.kodnest.TestNGConcept.parameterization.ParallelExecutionConcept" name="urlTest" time="0.007"/>
</testsuite> <!-- Test1 -->
